2018-09-02 21:11:45 Warning: DebugKit is disabling itself as your host `wittprojects.net` is not in the known safe list of top-level-domains (localhost, dev, invalid, test, example, local). If you would like to force DebugKit on use the `DebugKit.forceEnable` Configure option.
2018-09-02 21:12:35 Warning: DebugKit is disabling itself as your host `wittprojects.net` is not in the known safe list of top-level-domains (localhost, dev, invalid, test, example, local). If you would like to force DebugKit on use the `DebugKit.forceEnable` Configure option.
2018-09-02 21:12:39 Warning: DebugKit is disabling itself as your host `wittprojects.net` is not in the known safe list of top-level-domains (localhost, dev, invalid, test, example, local). If you would like to force DebugKit on use the `DebugKit.forceEnable` Configure option.
2018-09-02 21:12:39 Error: [Cake\Routing\Exception\MissingControllerException] Controller class Bookmarks could not be found.
Exception Attributes: array (
  'class' => 'Bookmarks',
  'plugin' => false,
  'prefix' => false,
  '_ext' => false,
)
Request URL: /bookmarks
Stack Trace:
#0 /home/wittproj/public_html/cake/vendor/cakephp/cakephp/src/Http/ControllerFactory.php(39): Cake\Http\ControllerFactory->missingController(Object(Cake\Http\ServerRequest))
#1 /home/wittproj/public_html/cake/vendor/cakephp/cakephp/src/Http/ActionDispatcher.php(91): Cake\Http\ControllerFactory->create(Object(Cake\Http\ServerRequest), Object(Cake\Http\Response))
#2 /home/wittproj/public_html/cake/vendor/cakephp/cakephp/src/Http/BaseApplication.php(235): Cake\Http\ActionDispatcher->dispatch(Object(Cake\Http\ServerRequest), Object(Cake\Http\Response))
#3 /home/wittproj/public_html/cake/vendor/cakephp/cakephp/src/Http/Runner.php(65): Cake\Http\BaseApplication->__invoke(Object(Cake\Http\ServerRequest), Object(Cake\Http\Response), Object(Cake\Http\Runner))
#4 /home/wittproj/public_html/cake/vendor/cakephp/cakephp/src/Http/Middleware/CsrfProtectionMiddleware.php(107): Cake\Http\Runner->__invoke(Object(Cake\Http\ServerRequest), Object(Cake\Http\Response))
#5 /home/wittproj/public_html/cake/vendor/cakephp/cakephp/src/Http/Runner.php(65): Cake\Http\Middleware\CsrfProtectionMiddleware->__invoke(Object(Cake\Http\ServerRequest), Object(Cake\Http\Response), Object(Cake\Http\Runner))
#6 /home/wittproj/public_html/cake/vendor/cakephp/cakephp/src/Routing/Middleware/RoutingMiddleware.php(156): Cake\Http\Runner->__invoke(Object(Cake\Http\ServerRequest), Object(Cake\Http\Response))
#7 /home/wittproj/public_html/cake/vendor/cakephp/cakephp/src/Http/Runner.php(65): Cake\Routing\Middleware\RoutingMiddleware->__invoke(Object(Cake\Http\ServerRequest), Object(Cake\Http\Response), Object(Cake\Http\Runner))
#8 /home/wittproj/public_html/cake/vendor/cakephp/cakephp/src/Routing/Middleware/AssetMiddleware.php(88): Cake\Http\Runner->__invoke(Object(Cake\Http\ServerRequest), Object(Cake\Http\Response))
#9 /home/wittproj/public_html/cake/vendor/cakephp/cakephp/src/Http/Runner.php(65): Cake\Routing\Middleware\AssetMiddleware->__invoke(Object(Cake\Http\ServerRequest), Object(Cake\Http\Response), Object(Cake\Http\Runner))
#10 /home/wittproj/public_html/cake/vendor/cakephp/cakephp/src/Error/Middleware/ErrorHandlerMiddleware.php(98): Cake\Http\Runner->__invoke(Object(Cake\Http\ServerRequest), Object(Cake\Http\Response))
#11 /home/wittproj/public_html/cake/vendor/cakephp/cakephp/src/Http/Runner.php(65): Cake\Error\Middleware\ErrorHandlerMiddleware->__invoke(Object(Cake\Http\ServerRequest), Object(Cake\Http\Response), Object(Cake\Http\Runner))
#12 /home/wittproj/public_html/cake/vendor/cakephp/cakephp/src/Http/Runner.php(51): Cake\Http\Runner->__invoke(Object(Cake\Http\ServerRequest), Object(Cake\Http\Response))
#13 /home/wittproj/public_html/cake/vendor/cakephp/cakephp/src/Http/Server.php(98): Cake\Http\Runner->run(Object(Cake\Http\MiddlewareQueue), Object(Cake\Http\ServerRequest), Object(Cake\Http\Response))
#14 /home/wittproj/public_html/cake/webroot/index.php(40): Cake\Http\Server->run()
#15 {main}


